2024-11-12 09:35:23,809 ERROR e.c.h.CharacterHandler [main] Error updating character: Character not updated.
2024-11-12 09:38:06,156 INFO e.c.h.CharacterHandler [main] Character added successfully.
2024-11-12 09:39:05,452 INFO e.c.h.CharacterHandler [main] Character deleted: Tywim Drewam Heskillar
2024-11-12 09:39:19,122 ERROR e.c.h.CharacterHandler [main] Error finding strongest character: Character not obtained.
2024-11-12 09:40:08,588 ERROR e.c.h.CharacterHandler [main] Error finding characters by class: Character list not obtained.
2024-11-12 09:40:23,324 ERROR e.c.h.CharacterHandler [main] Error finding characters by class: Character list not obtained.
2024-11-12 09:40:52,445 ERROR e.c.h.CharacterHandler [main] Error finding characters by ancestry: Character list not obtained.
2024-11-12 09:46:45,751 INFO e.c.h.ItemHandler [main] Item added: Potion of flying
2024-11-12 09:57:48,449 INFO e.c.h.DungeonHandler [main] Dungeon added: Tomb of Armag
2024-11-12 09:58:31,152 ERROR e.c.h.DungeonHandler [main] Error updating dungeon: Dungeon not updated.
2024-11-12 09:59:19,283 INFO e.c.h.DungeonHandler [main] Dungeon deleted: Tomb of Armag
2024-11-12 09:59:25,580 ERROR e.c.h.DungeonHandler [main] Error finding hardest dungeon: Dungeon not obtained.
2024-11-12 10:00:02,998 ERROR e.c.h.DungeonHandler [main] Error finding dungeons by biome: Dungeon list not obtained.
2024-11-12 10:00:24,955 ERROR e.c.h.DungeonHandler [main] Error finding dungeons by difficulty: Dungeon list not obtained.
2024-11-12 10:06:00,982 INFO e.c.h.PartyHandler [main] Party added: Reconfigured Fellers
2024-11-12 10:06:46,288 INFO e.c.h.PartyHandler [main] Party deleted: Reconfigured Fellers
2024-11-12 10:08:56,907 ERROR e.c.h.PartyHandler [main] Error updating party: Party not updated.
2024-11-12 10:11:15,351 ERROR e.c.h.PartyHandler [main] Error finding parties by member: Party list not obtained.
2024-11-12 10:11:27,836 ERROR e.c.h.PartyHandler [main] Error finding parties by member: Party list not obtained.
2024-11-12 11:24:18,587 ERROR e.c.h.InventoryHandler [main] Error finding inventory: Inventory not obtained.
2024-11-15 09:20:12,456 INFO e.c.h.ItemHandler [main] Item updated: Speed Potion
2024-11-15 09:21:34,836 INFO e.c.h.ItemHandler [main] Item added: Mantle of the forest
2024-11-15 09:21:56,346 ERROR e.c.h.ItemHandler [main] Error listing items by type: Item list not obtained.
2024-11-15 09:22:14,452 ERROR e.c.h.ItemHandler [main] Error listing items by type: Item list not obtained.
2024-11-15 09:26:09,730 ERROR e.c.h.CharacterHandler [main] Error updating character: Character not updated.
2024-11-15 09:45:22,871 INFO e.c.h.ItemHandler [main] Item updated: Mantle of the herbalist
2024-11-15 09:45:48,182 ERROR e.c.h.ItemHandler [main] Error listing items by rarity: Item list not obtained.
2024-11-15 09:46:29,102 INFO e.c.h.DungeonHandler [main] Dungeon added: Tomb of Armag, the twice-born
2024-11-15 09:46:46,379 ERROR e.c.h.DungeonHandler [main] Error finding hardest dungeon: Dungeon not obtained.
2024-11-15 09:47:42,730 ERROR e.c.h.DungeonHandler [main] Error updating dungeon: Dungeon not updated.
2024-11-15 09:56:26,759 ERROR e.c.h.CharacterHandler [main] Error finding characters by class: Character list not obtained.
2024-11-15 09:57:56,778 INFO e.c.h.InventoryHandler [main] Inventory item Sword of electricity, Lightning added for character Alastor, the Dark Sun
2024-11-15 09:58:25,742 ERROR e.c.h.InventoryHandler [main] Error listing inventory: Inventory list not obtained.
2024-11-15 09:58:50,348 ERROR e.c.h.InventoryHandler [main] Error listing equipment: Inventory list not obtained.
2024-11-15 09:59:07,019 ERROR e.c.h.InventoryHandler [main] Error listing equipment: Inventory list not obtained.
2024-11-15 09:59:15,458 ERROR e.c.h.InventoryHandler [main] Error finding inventory: Inventory not obtained.
2024-11-15 09:59:43,849 ERROR e.c.h.InventoryHandler [main] Error finding inventory: Inventory not obtained.
2024-11-15 10:02:37,214 INFO e.c.h.QuestResultHandler [main] Quest result added for party Fellers of the Runelord in dungeon Tomb of Armag, the twice-born
2024-11-15 10:06:18,299 INFO e.c.h.QuestResultHandler [main] Quest result updated for quest ID: 851320281
2024-11-15 10:15:23,215 INFO e.c.h.CharacterHandler [main] Character added successfully.
2024-11-15 10:16:16,784 INFO e.c.h.CharacterHandler [main] Character added successfully.
2024-11-15 10:16:32,290 INFO e.c.h.CharacterHandler [main] Character deleted: aaaa
2024-11-15 10:16:41,754 ERROR e.c.h.CharacterHandler [main] Error deleting character: Character deletion failed, no lines affected.
2024-11-15 10:18:10,073 INFO e.c.h.CharacterHandler [main] Character updated successfully.
2024-11-15 10:18:41,166 ERROR e.c.h.CharacterHandler [main] Error finding characters by class: Character list not obtained.
2024-11-15 10:19:39,366 INFO e.c.h.DungeonHandler [main] Dungeon added: Cradle of Lamashtu
2024-11-15 10:20:57,443 ERROR e.c.h.DungeonHandler [main] Error updating dungeon: Dungeon not updated.
2024-11-15 10:22:46,133 ERROR e.c.h.DungeonHandler [main] Error updating dungeon: Dungeon not updated.
2024-11-15 10:23:26,340 ERROR e.c.h.DungeonHandler [main] Error updating dungeon: Dungeon not updated.
2024-11-15 10:26:07,576 INFO e.c.h.CharacterHandler [main] Character updated successfully.
2024-11-15 10:28:09,189 ERROR e.c.h.DungeonHandler [main] Error updating dungeon: Dungeon not updated.
2024-11-15 10:32:54,273 INFO e.c.h.CharacterHandler [main] Character updated successfully.
2024-11-15 10:33:47,935 ERROR e.c.h.DungeonHandler [main] Error updating dungeon: Dungeon not updated.
2024-11-15 10:36:14,169 ERROR e.c.h.DungeonHandler [main] Error finding dungeons by difficulty: Dungeon list not obtained.
2024-11-15 10:37:35,756 ERROR e.c.h.PartyHandler [main] Error updating party: Party not updated.
2024-11-15 10:37:52,173 ERROR e.c.h.PartyHandler [main] Error finding parties by member: Party list not obtained.
2024-11-15 10:39:48,134 ERROR e.c.h.DungeonHandler [main] Error updating dungeon: Dungeon not updated.
2024-11-16 11:57:26,481 INFO e.c.h.CharacterHandler [main] Character added successfully.
2024-11-16 11:59:36,293 INFO e.c.h.CharacterHandler [main] Character updated successfully.
2024-11-16 12:05:32,946 ERROR e.c.h.QuestResultHandler [main] Error deleting quest result: Quest result deletion failed, no lines affected.
2024-11-16 12:06:12,327 ERROR e.c.h.QuestResultHandler [main] Error deleting quest result: Quest result deletion failed, no lines affected.
2024-11-16 12:07:38,495 INFO e.c.h.QuestResultHandler [main] Quest result deleted for quest ID: 1
2024-11-16 12:08:05,463 INFO e.c.h.QuestResultHandler [main] Quest result added for party Fellers of the Runelord in dungeon Cradle of Lamashtu
2024-11-16 12:08:31,401 ERROR e.c.h.QuestResultHandler [main] Error deleting quest result: Quest result deletion failed, no lines affected.
2024-11-16 12:12:01,011 ERROR e.c.h.QuestResultHandler [main] Error deleting quest result: Quest result deletion failed, no lines affected.
2024-11-16 12:12:07,126 INFO e.c.h.QuestResultHandler [main] Quest result deleted for quest ID: 1
2024-11-16 12:12:24,152 INFO e.c.h.QuestResultHandler [main] Quest result added for party Fellers of the Runelord in dungeon Cradle of Lamashtu
2024-11-16 12:12:35,656 INFO e.c.h.QuestResultHandler [main] Quest result deleted for quest ID: 24959
2024-11-16 12:13:14,416 INFO e.c.h.QuestResultHandler [main] Quest result added for party Fellers of the Runelord in dungeon Tomb of Armag, the twice-born
2024-11-16 12:40:53,139 INFO e.c.h.ItemHandler [main] Item added: Iron Cuirass
2024-11-16 12:42:42,385 INFO e.c.h.ItemHandler [main] Item updated: Iron Half-plate
2024-11-16 12:43:54,968 ERROR e.c.h.DungeonHandler [main] Error updating dungeon: Dungeon not updated.
2024-11-16 12:47:01,215 INFO e.c.h.InventoryHandler [main] Inventory item Speed Potion added for character Alastor, the Dark Sun
2024-11-16 12:51:09,004 ERROR e.c.h.InventoryHandler [main] Error finding inventory: Inventory not obtained.
2024-11-16 12:56:32,560 ERROR e.c.h.InventoryHandler [main] Error updating inventory item: Inventory not updated.
2024-11-16 13:00:11,029 INFO e.c.h.InventoryHandler [main] Inventory slot updated: 1
2024-11-16 13:00:44,252 INFO e.c.h.InventoryHandler [main] Inventory item Sword of electricity, Lightning added for character Alastor, the Dark Sun
2024-11-16 13:10:53,962 INFO e.c.h.InventoryHandler [main] Inventory item Iron Half-plate added for character Sybil, the Green Feather
2024-11-16 13:11:23,862 INFO e.c.h.InventoryHandler [main] Inventory item deleted in slot: 4
2024-11-16 13:13:01,511 INFO e.c.h.PartyHandler [main] Party added: Gobblers
2024-11-16 13:14:30,490 INFO e.c.h.PartyHandler [main] Party updated: Gobblers of gobblins
2024-11-16 13:19:34,822 INFO e.c.h.PartyHandler [main] Party updated: What
2024-11-16 13:20:01,609 INFO e.c.h.PartyHandler [main] Party deleted: What
2024-11-16 17:27:51,676 INFO e.c.h.CharacterHandler [main] Character added successfully.
2024-11-16 17:29:21,224 INFO e.c.h.CharacterHandler [main] Character added successfully.
2024-11-16 17:30:25,010 INFO e.c.h.CharacterHandler [main] Character added successfully.
2024-11-16 17:31:11,856 INFO e.c.h.CharacterHandler [main] Character added successfully.
2024-11-16 17:33:10,885 INFO e.c.h.DungeonHandler [main] Dungeon added: Peak of the Roots
2024-11-16 17:34:13,043 INFO e.c.h.DungeonHandler [main] Dungeon added: The child's playground
2024-11-16 17:35:20,710 INFO e.c.h.DungeonHandler [main] Dungeon added: Planar rift: the home of Rovagug
2024-11-16 17:36:03,223 ERROR e.c.h.DungeonHandler [main] Error updating dungeon: Dungeon not updated.
